#-----------------------------------------------------------
# Vivado v2018.2 (64-bit)
# SW Build 2258646 on Thu Jun 14 20:02:38 MDT 2018
# IP Build 2256618 on Thu Jun 14 22:10:49 MDT 2018
# Start of session at: Thu Oct 11 21:47:41 2018
# Process ID: 11145
# Current directory: /home/comparch/Documents/ComputerArchitecture/Lab2
# Command line: vivado
# Log file: /home/comparch/Documents/ComputerArchitecture/Lab2/vivado.log
# Journal file: /home/comparch/Documents/ComputerArchitecture/Lab2/vivado.jou
#-----------------------------------------------------------
start_gui
open_project /home/comparch/Documents/ComputerArchitecture/Lab2/lab2/lab2.xpr
Scanning sources...
Finished scanning sources
INFO: [IP_Flow 19-234] Refreshing IP repositories
INFO: [IP_Flow 19-1704] No user IP repositories specified
INFO: [IP_Flow 19-2313] Loaded Vivado IP repository '/opt/Xilinx/Vivado/2018.2/data/ip'.
open_project: Time (s): cpu = 00:00:12 ; elapsed = 00:00:19 . Memory (MB): peak = 5965.059 ; gain = 82.801 ; free physical = 985 ; free virtual = 2823
update_compile_order -fileset sources_1
reset_run synth_1
launch_runs synth_1
WARNING: [HDL 9-2994] overwriting previous definition of module shiftregister [/home/comparch/Documents/ComputerArchitecture/Lab2/lab2/lab2.srcs/sources_1/imports/Lab2/shiftregister.v:9]
WARNING: [HDL 9-2994] overwriting previous definition of module inputconditioner [inputconditioner.v:8]
WARNING: [filemgmt 20-1318] Duplicate Design Unit 'inputconditioner()' found in library 'xil_defaultlib'
Duplicate found at line 8 of file /home/comparch/Documents/ComputerArchitecture/Lab2/lab2/lab2.srcs/sources_1/imports/Lab2/inputconditioner.v
Duplicate found at line 8 of file /home/comparch/Documents/ComputerArchitecture/Lab2/lab2/lab2.srcs/sources_1/imports/Lab2/lab2_wrapper.v
WARNING: [filemgmt 20-1318] Duplicate Design Unit 'shiftregister()' found in library 'xil_defaultlib'
Duplicate found at line 9 of file /home/comparch/Documents/ComputerArchitecture/Lab2/lab2/lab2.srcs/sources_1/imports/Lab2/lab2_wrapper.v
	(Active) Duplicate found at line 9 of file /home/comparch/Documents/ComputerArchitecture/Lab2/lab2/lab2.srcs/sources_1/imports/Lab2/shiftregister.v
[Thu Oct 11 21:49:23 2018] Launched synth_1...
Run output will be captured here: /home/comparch/Documents/ComputerArchitecture/Lab2/lab2/lab2.runs/synth_1/runme.log
launch_runs impl_1
[Thu Oct 11 21:53:02 2018] Launched impl_1...
Run output will be captured here: /home/comparch/Documents/ComputerArchitecture/Lab2/lab2/lab2.runs/impl_1/runme.log
launch_runs impl_1 -to_step write_bitstream
[Thu Oct 11 21:57:57 2018] Launched impl_1...
Run output will be captured here: /home/comparch/Documents/ComputerArchitecture/Lab2/lab2/lab2.runs/impl_1/runme.log
open_hw
connect_hw_server
INFO: [Labtools 27-2285] Connecting to hw_server url TCP:localhost:3121
INFO: [Labtools 27-2222] Launching hw_server...
INFO: [Labtools 27-2221] Launch Output:

****** Xilinx hw_server v2018.2
  **** Build date : Jun 14 2018-20:18:37
    ** Copyright 1986-2018 Xilinx, Inc. All Rights Reserved.


disconnect_hw_server localhost:3121
connect_hw_server
INFO: [Labtools 27-2285] Connecting to hw_server url TCP:localhost:3121
open_hw_target
INFO: [Labtoolstcl 44-466] Opening hw_target localhost:3121/xilinx_tcf/Digilent/210279651540A
open_hw_target: Time (s): cpu = 00:00:04 ; elapsed = 00:00:09 . Memory (MB): peak = 6580.961 ; gain = 536.031 ; free physical = 566 ; free virtual = 2197
set_property PROGRAM.FILE {/home/comparch/Documents/ComputerArchitecture/Lab2/lab2/lab2.runs/impl_1/lab0_wrapper.bit} [get_hw_devices xc7z010_1]
current_hw_device [get_hw_devices xc7z010_1]
refresh_hw_device -update_hw_probes false [lindex [get_hw_devices xc7z010_1] 0]
INFO: [Labtools 27-1434] Device xc7z010 (JTAG device index = 1) is programmed with a design that has no supported debug core(s) in it.
WARNING: [Labtools 27-3361] The debug hub core was not detected.
Resolution: 
1. Make sure the clock connected to the debug hub (dbg_hub) core is a free running clock and is active.
2. Make sure the BSCAN_SWITCH_USER_MASK device property in Vivado Hardware Manager reflects the user scan chain setting in the design and refresh the device.  To determine the user scan chain setting in the design, open the implemented design and use 'get_property C_USER_SCAN_CHAIN [get_debug_cores dbg_hub]'.
For more details on setting the scan chain property, consult the Vivado Debug and Programming User Guide (UG908).
set_property PROBES.FILE {} [get_hw_devices xc7z010_1]
set_property FULL_PROBES.FILE {} [get_hw_devices xc7z010_1]
set_property PROGRAM.FILE {/home/comparch/Documents/ComputerArchitecture/Lab2/lab2/lab2.runs/impl_1/lab0_wrapper.bit} [get_hw_devices xc7z010_1]
program_hw_devices [get_hw_devices xc7z010_1]
INFO: [Labtools 27-3164] End of startup status: HIGH
refresh_hw_device [lindex [get_hw_devices xc7z010_1] 0]
INFO: [Labtools 27-1434] Device xc7z010 (JTAG device index = 1) is programmed with a design that has no supported debug core(s) in it.
WARNING: [Labtools 27-3361] The debug hub core was not detected.
Resolution: 
1. Make sure the clock connected to the debug hub (dbg_hub) core is a free running clock and is active.
2. Make sure the BSCAN_SWITCH_USER_MASK device property in Vivado Hardware Manager reflects the user scan chain setting in the design and refresh the device.  To determine the user scan chain setting in the design, open the implemented design and use 'get_property C_USER_SCAN_CHAIN [get_debug_cores dbg_hub]'.
For more details on setting the scan chain property, consult the Vivado Debug and Programming User Guide (UG908).
ERROR: [Labtoolstcl 44-513] HW Target shutdown. Closing target: localhost:3121/xilinx_tcf/Digilent/210279651540A
disconnect_hw_server localhost:3121
connect_hw_server
INFO: [Labtools 27-2285] Connecting to hw_server url TCP:localhost:3121
ERROR: [Labtoolstcl 44-494] There is no active target available for server at localhost.
 Targets(s) ", jsn-Zybo-210279651540A" may be locked by another hw_server.
disconnect_hw_server localhost:3121
connect_hw_server
INFO: [Labtools 27-2285] Connecting to hw_server url TCP:localhost:3121
open_hw_target
INFO: [Labtoolstcl 44-466] Opening hw_target localhost:3121/xilinx_tcf/Digilent/210279651540A
set_property PROGRAM.FILE {/home/comparch/Documents/ComputerArchitecture/Lab2/lab2/lab2.runs/impl_1/lab0_wrapper.bit} [get_hw_devices xc7z010_1]
current_hw_device [get_hw_devices xc7z010_1]
refresh_hw_device -update_hw_probes false [lindex [get_hw_devices xc7z010_1] 0]
INFO: [Labtools 27-1434] Device xc7z010 (JTAG device index = 1) is programmed with a design that has no supported debug core(s) in it.
WARNING: [Labtools 27-3361] The debug hub core was not detected.
Resolution: 
1. Make sure the clock connected to the debug hub (dbg_hub) core is a free running clock and is active.
2. Make sure the BSCAN_SWITCH_USER_MASK device property in Vivado Hardware Manager reflects the user scan chain setting in the design and refresh the device.  To determine the user scan chain setting in the design, open the implemented design and use 'get_property C_USER_SCAN_CHAIN [get_debug_cores dbg_hub]'.
For more details on setting the scan chain property, consult the Vivado Debug and Programming User Guide (UG908).
set_property PROBES.FILE {} [get_hw_devices xc7z010_1]
set_property FULL_PROBES.FILE {} [get_hw_devices xc7z010_1]
set_property PROGRAM.FILE {/home/comparch/Documents/ComputerArchitecture/Lab2/lab2/lab2.runs/impl_1/lab0_wrapper.bit} [get_hw_devices xc7z010_1]
program_hw_devices [get_hw_devices xc7z010_1]
INFO: [Labtools 27-3164] End of startup status: HIGH
refresh_hw_device [lindex [get_hw_devices xc7z010_1] 0]
INFO: [Labtools 27-1434] Device xc7z010 (JTAG device index = 1) is programmed with a design that has no supported debug core(s) in it.
WARNING: [Labtools 27-3361] The debug hub core was not detected.
Resolution: 
1. Make sure the clock connected to the debug hub (dbg_hub) core is a free running clock and is active.
2. Make sure the BSCAN_SWITCH_USER_MASK device property in Vivado Hardware Manager reflects the user scan chain setting in the design and refresh the device.  To determine the user scan chain setting in the design, open the implemented design and use 'get_property C_USER_SCAN_CHAIN [get_debug_cores dbg_hub]'.
For more details on setting the scan chain property, consult the Vivado Debug and Programming User Guide (UG908).
reset_run synth_1
launch_runs synth_1
WARNING: [HDL 9-2994] overwriting previous definition of module shiftregister [/home/comparch/Documents/ComputerArchitecture/Lab2/lab2/lab2.srcs/sources_1/imports/Lab2/shiftregister.v:9]
WARNING: [HDL 9-2994] overwriting previous definition of module inputconditioner [inputconditioner.v:8]
WARNING: [filemgmt 20-1318] Duplicate Design Unit 'inputconditioner()' found in library 'xil_defaultlib'
Duplicate found at line 8 of file /home/comparch/Documents/ComputerArchitecture/Lab2/lab2/lab2.srcs/sources_1/imports/Lab2/inputconditioner.v
Duplicate found at line 8 of file /home/comparch/Documents/ComputerArchitecture/Lab2/lab2/lab2.srcs/sources_1/imports/Lab2/lab2_wrapper.v
WARNING: [filemgmt 20-1318] Duplicate Design Unit 'shiftregister()' found in library 'xil_defaultlib'
Duplicate found at line 9 of file /home/comparch/Documents/ComputerArchitecture/Lab2/lab2/lab2.srcs/sources_1/imports/Lab2/lab2_wrapper.v
	(Active) Duplicate found at line 9 of file /home/comparch/Documents/ComputerArchitecture/Lab2/lab2/lab2.srcs/sources_1/imports/Lab2/shiftregister.v
[Thu Oct 11 23:20:54 2018] Launched synth_1...
Run output will be captured here: /home/comparch/Documents/ComputerArchitecture/Lab2/lab2/lab2.runs/synth_1/runme.log
launch_runs impl_1
[Thu Oct 11 23:24:22 2018] Launched impl_1...
Run output will be captured here: /home/comparch/Documents/ComputerArchitecture/Lab2/lab2/lab2.runs/impl_1/runme.log
launch_runs impl_1 -to_step write_bitstream
[Thu Oct 11 23:29:30 2018] Launched impl_1...
Run output will be captured here: /home/comparch/Documents/ComputerArchitecture/Lab2/lab2/lab2.runs/impl_1/runme.log
set_property PROBES.FILE {} [get_hw_devices xc7z010_1]
set_property FULL_PROBES.FILE {} [get_hw_devices xc7z010_1]
set_property PROGRAM.FILE {/home/comparch/Documents/ComputerArchitecture/Lab2/lab2/lab2.runs/impl_1/lab0_wrapper.bit} [get_hw_devices xc7z010_1]
program_hw_devices [get_hw_devices xc7z010_1]
INFO: [Labtools 27-3164] End of startup status: HIGH
refresh_hw_device [lindex [get_hw_devices xc7z010_1] 0]
INFO: [Labtools 27-1434] Device xc7z010 (JTAG device index = 1) is programmed with a design that has no supported debug core(s) in it.
WARNING: [Labtools 27-3361] The debug hub core was not detected.
Resolution: 
1. Make sure the clock connected to the debug hub (dbg_hub) core is a free running clock and is active.
2. Make sure the BSCAN_SWITCH_USER_MASK device property in Vivado Hardware Manager reflects the user scan chain setting in the design and refresh the device.  To determine the user scan chain setting in the design, open the implemented design and use 'get_property C_USER_SCAN_CHAIN [get_debug_cores dbg_hub]'.
For more details on setting the scan chain property, consult the Vivado Debug and Programming User Guide (UG908).
ERROR: [Labtoolstcl 44-513] HW Target shutdown. Closing target: localhost:3121/xilinx_tcf/Digilent/210279651540A
